<?xml version="1.0" encoding="UTF-8"?>
<robot generator="Robot 7.3.2 (Python 3.13.7 on win32)" generated="2025-12-05T15:08:29.749700" rpa="false" schemaversion="5">
<suite id="s1" name="Swipe" source="C:\QAx\projects\yodapp-robot\tests\swipe.robot">
<test id="s1-t1" name="Deve remover o Darth Vader" line="12">
<kw name="Start Session" owner="base" type="SETUP">
<kw name="Open Application" owner="AppiumLibrary">
<arg>http://localhost:4723</arg>
<arg>platformName=Android</arg>
<arg>deviceName=Android Emulator</arg>
<arg>automationName=UIAutomator2</arg>
<arg>app=${EXECDIR}/app/yodapp-beta.apk</arg>
<arg>udid=emulator-5554</arg>
<arg>autoGrantPermissions=true</arg>
<arg>appWaitPackage=com.qaxperience.yodapp</arg>
<arg>appWaitActivity=*</arg>
<arg>forceAppLaunch=true</arg>
<doc>Opens a new application to the given Appium server.
Capabilities of appium server, Android and iOS,
Please check https://appium.io/docs/en/2.19/guides/caps/
| *Option*            | *Man.* | *Description*     |
| remote_url          | Yes    | Appium server url |
| alias               | No     | alias             |</doc>
<status status="PASS" start="2025-12-05T15:08:29.933924" elapsed="5.933829"/>
</kw>
<status status="PASS" start="2025-12-05T15:08:29.933550" elapsed="5.934427"/>
</kw>
<kw name="Get Started" owner="base">
<kw name="Log Source" owner="AppiumLibrary">
<msg time="2025-12-05T15:08:38.135415" level="INFO">&lt;?xml version='1.0' encoding='UTF-8' standalone='yes' ?&gt;
&lt;hierarchy index="0" class="hierarchy" rotation="0" width="1080" height="2400"&gt;
  &lt;android.widget.FrameLayout index="0" package="com.qaxperience.yodapp" class="android.widget.FrameLayout" text="" checkable="false" checked="false" clickable="false" enabled="true" focusable="false" focused="false" long-clickable="false" password="false" scrollable="false" selected="false" bounds="[0,0][1080,2400]" displayed="true" a11y-important="true" screen-reader-focusable="false" drawing-order="0" showing-hint="false" text-entry-key="false" dismissable="false" a11y-focused="false" heading="false" live-region="0" context-clickable="false" content-invalid="false"&gt;
    &lt;android.widget.LinearLayout index="0" package="com.qaxperience.yodapp" class="android.widget.LinearLayout" text="" checkable="false" checked="false" clickable="false" enabled="true" focusable="false" focused="false" long-clickable="false" password="false" scrollable="false" selected="false" bounds="[0,0][1080,2337]" displayed="true" a11y-important="false" screen-reader-focusable="false" drawing-order="1" showing-hint="false" text-entry-key="false" dismissable="false" a11y-focused="false" heading="false" live-region="0" context-clickable="false" content-invalid="false"&gt;
      &lt;android.widget.FrameLayout index="0" package="com.qaxperience.yodapp" class="android.widget.FrameLayout" text="" checkable="false" checked="false" clickable="false" enabled="true" focusable="false" focused="false" long-clickable="false" password="false" scrollable="false" selected="false" bounds="[0,0][1080,2337]" displayed="true" a11y-important="false" screen-reader-focusable="false" drawing-order="2" showing-hint="false" text-entry-key="false" dismissable="false" a11y-focused="false" heading="false" live-region="0" context-clickable="false" content-invalid="false"&gt;
        &lt;android.widget.LinearLayout index="0" package="com.qaxperience.yodapp" class="android.widget.LinearLayout" text="" resource-id="com.qaxperience.yodapp:id/action_bar_root" checkable="false" checked="false" clickable="false" enabled="true" focusable="false" focused="false" long-clickable="false" password="false" scrollable="false" selected="false" bounds="[0,0][1080,2337]" displayed="true" a11y-important="false" screen-reader-focusable="false" drawing-order="1" showing-hint="false" text-entry-key="false" dismissable="false" a11y-focused="false" heading="false" live-region="0" context-clickable="false" content-invalid="false"&gt;
          &lt;android.widget.FrameLayout index="0" package="com.qaxperience.yodapp" class="android.widget.FrameLayout" text="" resource-id="android:id/content" checkable="false" checked="false" clickable="false" enabled="true" focusable="false" focused="false" long-clickable="false" password="false" scrollable="false" selected="false" bounds="[0,0][1080,2337]" displayed="true" a11y-important="false" screen-reader-focusable="false" drawing-order="2" showing-hint="false" text-entry-key="false" dismissable="false" a11y-focused="false" heading="false" live-region="0" context-clickable="false" content-invalid="false"&gt;
            &lt;android.view.ViewGroup index="0" package="com.qaxperience.yodapp" class="android.view.ViewGroup" text="" checkable="false" checked="false" clickable="false" enabled="true" focusable="false" focused="false" long-clickable="false" password="false" scrollable="false" selected="false" bounds="[0,0][1080,2337]" displayed="true" a11y-important="true" screen-reader-focusable="false" drawing-order="1" showing-hint="false" text-entry-key="false" dismissable="false" a11y-focused="false" heading="false" live-region="0" context-clickable="false" content-invalid="false"&gt;
              &lt;android.widget.FrameLayout index="1" package="com.qaxperience.yodapp" class="android.widget.FrameLayout" text="" resource-id="com.qaxperience.yodapp:id/fragment" checkable="false" checked="false" clickable="false" enabled="true" focusable="false" focused="false" long-clickable="false" password="false" scrollable="false" selected="false" bounds="[0,63][1080,2337]" displayed="true" a11y-important="false" screen-reader-focusable="false" drawing-order="1" showing-hint="false" text-entry-key="false" dismissable="false" a11y-focused="false" heading="false" live-region="0" context-clickable="false" content-invalid="false"&gt;
                &lt;android.view.ViewGroup index="0" package="com.qaxperience.yodapp" class="android.view.ViewGroup" text="" checkable="false" checked="false" clickable="false" enabled="true" focusable="false" focused="false" long-clickable="false" password="false" scrollable="false" selected="false" bounds="[0,63][1080,2337]" displayed="true" a11y-important="false" screen-reader-focusable="false" drawing-order="1" showing-hint="false" text-entry-key="false" dismissable="false" a11y-focused="false" heading="false" live-region="0" context-clickable="false" content-invalid="false" /&gt;
              &lt;/android.widget.FrameLayout&gt;
            &lt;/android.view.ViewGroup&gt;
          &lt;/android.widget.FrameLayout&gt;
        &lt;/android.widget.LinearLayout&gt;
      &lt;/android.widget.FrameLayout&gt;
    &lt;/android.widget.LinearLayout&gt;
    &lt;android.view.View index="2" package="com.qaxperience.yodapp" class="android.view.View" text="" resource-id="android:id/navigationBarBackground" checkable="false" checked="false" clickable="false" enabled="true" focusable="false" focused="false" long-clickable="false" password="false" scrollable="false" selected="false" bounds="[0,2337][1080,2400]" displayed="true" a11y-important="false" screen-reader-focusable="false" drawing-order="2" showing-hint="false" text-entry-key="false" dismissable="false" a11y-focused="false" heading="false" live-region="0" context-clickable="false" content-invalid="false" /&gt;
  &lt;/android.widget.FrameLayout&gt;
&lt;/hierarchy&gt;</msg>
<doc>Logs and returns the entire html source of the current page or frame.</doc>
<status status="PASS" start="2025-12-05T15:08:35.868979" elapsed="2.266532"/>
</kw>
<kw name="Wait Until Page Contains" owner="AppiumLibrary">
<arg>Yodapp</arg>
<arg>${TIMEOUT}</arg>
<doc>Waits until the ``text`` appears on the current page.</doc>
<status status="PASS" start="2025-12-05T15:08:38.135603" elapsed="2.525474"/>
</kw>
<kw name="Wait Until Page Contains" owner="AppiumLibrary">
<arg>${START}</arg>
<arg>${TIMEOUT}</arg>
<doc>Waits until the ``text`` appears on the current page.</doc>
<status status="PASS" start="2025-12-05T15:08:40.661227" elapsed="2.034996"/>
</kw>
<kw name="Click Text" owner="AppiumLibrary">
<msg time="2025-12-05T15:08:47.104029" level="INFO">xpath criteria: //*[contains(@text,"QAX")]</msg>
<arg>${START}</arg>
<doc>Clicks the text identified by ``text``.</doc>
<status status="PASS" start="2025-12-05T15:08:42.696340" elapsed="4.407914"/>
</kw>
<status status="PASS" start="2025-12-05T15:08:35.868513" elapsed="11.235823"/>
</kw>
<kw name="Navigate to" owner="base">
<kw name="Set Variable" owner="BuiltIn">
<msg time="2025-12-05T15:08:47.105045" level="INFO">${hamburger} = //android.widget.ImageButton[@content-desc="Open navigation drawer"]</msg>
<var>${hamburger}</var>
<arg>//android.widget.ImageButton[@content-desc="Open navigation drawer"]</arg>
<doc>Returns the given values which can then be assigned to a variables.</doc>
<status status="PASS" start="2025-12-05T15:08:47.104929" elapsed="0.000135"/>
</kw>
<kw name="Wait Until Element Is Visible" owner="AppiumLibrary">
<msg time="2025-12-05T15:08:51.257780" level="INFO">xpath criteria: //android.widget.ImageButton[@content-desc="Open navigation drawer"]</msg>
<arg>${hamburger}</arg>
<arg>${TIMEOUT}</arg>
<doc>Waits until the element specified by the ``locator`` is visible.</doc>
<status status="PASS" start="2025-12-05T15:08:47.105122" elapsed="4.152796"/>
</kw>
<kw name="Click Element" owner="AppiumLibrary">
<msg time="2025-12-05T15:08:51.259148" level="INFO">Clicking element '//android.widget.ImageButton[@content-desc="Open navigation drawer"]'.</msg>
<msg time="2025-12-05T15:08:55.436927" level="INFO">xpath criteria: //android.widget.ImageButton[@content-desc="Open navigation drawer"]</msg>
<arg>${hamburger}</arg>
<doc>Clicks the element identified by ``locator``.</doc>
<status status="PASS" start="2025-12-05T15:08:51.258043" elapsed="4.178940"/>
</kw>
<kw name="Set Variable" owner="BuiltIn">
<msg time="2025-12-05T15:08:55.437238" level="INFO">${menu_item} = xpath=//*[@resource-id="com.qaxperience.yodapp:id/navView"]//*[@text="Star Wars"]</msg>
<var>${menu_item}</var>
<arg>xpath=//*[@resource-id="com.qaxperience.yodapp:id/navView"]//*[@text="${item_text}"]</arg>
<doc>Returns the given values which can then be assigned to a variables.</doc>
<status status="PASS" start="2025-12-05T15:08:55.437085" elapsed="0.000166"/>
</kw>
<kw name="Wait Until Element Is Visible" owner="AppiumLibrary">
<msg time="2025-12-05T15:08:59.575834" level="INFO">xpath criteria: //*[@resource-id="com.qaxperience.yodapp:id/navView"]//*[@text="Star Wars"]</msg>
<arg>${menu_item}</arg>
<arg>${TIMEOUT}</arg>
<doc>Waits until the element specified by the ``locator`` is visible.</doc>
<status status="PASS" start="2025-12-05T15:08:55.437303" elapsed="4.138596"/>
</kw>
<kw name="Click Element" owner="AppiumLibrary">
<msg time="2025-12-05T15:08:59.576568" level="INFO">Clicking element 'xpath=//*[@resource-id="com.qaxperience.yodapp:id/navView"]//*[@text="Star Wars"]'.</msg>
<msg time="2025-12-05T15:09:05.238146" level="INFO">xpath criteria: //*[@resource-id="com.qaxperience.yodapp:id/navView"]//*[@text="Star Wars"]</msg>
<arg>${menu_item}</arg>
<doc>Clicks the element identified by ``locator``.</doc>
<status status="PASS" start="2025-12-05T15:08:59.576013" elapsed="5.662192"/>
</kw>
<arg>Star Wars</arg>
<status status="PASS" start="2025-12-05T15:08:47.104684" elapsed="18.133573"/>
</kw>
<kw name="Go to item" owner="base">
<kw name="Wait Until Page Contains" owner="AppiumLibrary">
<arg>${item}</arg>
<arg>${TIMEOUT}</arg>
<doc>Waits until the ``text`` appears on the current page.</doc>
<status status="PASS" start="2025-12-05T15:09:05.238603" elapsed="2.062954"/>
</kw>
<kw name="Click Text" owner="AppiumLibrary">
<msg time="2025-12-05T15:09:12.711343" level="INFO">xpath criteria: //*[contains(@text,"Lista")]</msg>
<arg>${item}</arg>
<doc>Clicks the text identified by ``text``.</doc>
<status status="PASS" start="2025-12-05T15:09:07.301677" elapsed="5.409735"/>
</kw>
<kw name="Wait Until Page Contains" owner="AppiumLibrary">
<arg>${checkpoint}</arg>
<doc>Waits until the ``text`` appears on the current page.</doc>
<status status="PASS" start="2025-12-05T15:09:12.711538" elapsed="2.087250"/>
</kw>
<arg>Lista</arg>
<arg>Darth Vader</arg>
<status status="PASS" start="2025-12-05T15:09:05.238438" elapsed="9.560427"/>
</kw>
<kw name="Set Variable" owner="BuiltIn">
<msg time="2025-12-05T15:09:14.799280" level="INFO">${element_xpath} = xpath=//android.widget.TextView[@text='@darthvader']/../../..//*[contains(@resource-id, 'indicator')]</msg>
<var>${element_xpath}</var>
<arg>xpath=//android.widget.TextView[@text='@darthvader']/../../..//*[contains(@resource-id, 'indicator')]</arg>
<doc>Returns the given values which can then be assigned to a variables.</doc>
<status status="PASS" start="2025-12-05T15:09:14.799135" elapsed="0.000161"/>
</kw>
<kw name="Get Element Location" owner="AppiumLibrary">
<msg time="2025-12-05T15:09:18.966253" level="INFO">Element 'xpath=//android.widget.TextView[@text='@darthvader']/../../..//*[contains(@resource-id, 'indicator')]' location: {'x': 975, 'y': 615} </msg>
<msg time="2025-12-05T15:09:18.966304" level="INFO">xpath criteria: //android.widget.TextView[@text='@darthvader']/../../..//*[contains(@resource-id, 'indicator')]</msg>
<msg time="2025-12-05T15:09:18.966356" level="INFO">${element_location} = {'x': 975, 'y': 615}</msg>
<var>${element_location}</var>
<arg>${element_xpath}</arg>
<doc>Returns the location of the element with the ``locator``.</doc>
<status status="PASS" start="2025-12-05T15:09:14.799476" elapsed="4.166892"/>
</kw>
<kw name="Set Variable" owner="BuiltIn">
<msg time="2025-12-05T15:09:18.967031" level="INFO">${start_x} = 975</msg>
<var>${start_x}</var>
<arg>${element_location['x']}</arg>
<doc>Returns the given values which can then be assigned to a variables.</doc>
<status status="PASS" start="2025-12-05T15:09:18.966586" elapsed="0.000462"/>
</kw>
<kw name="Set Variable" owner="BuiltIn">
<msg time="2025-12-05T15:09:18.967604" level="INFO">${start_y} = 615</msg>
<var>${start_y}</var>
<arg>${element_location['y']}</arg>
<doc>Returns the given values which can then be assigned to a variables.</doc>
<status status="PASS" start="2025-12-05T15:09:18.967285" elapsed="0.000335"/>
</kw>
<kw name="Evaluate" owner="BuiltIn">
<msg time="2025-12-05T15:09:18.967967" level="INFO">${offset_x} = 325</msg>
<var>${offset_x}</var>
<arg>${start_x} - ${SWIPE_OFFSET}</arg>
<doc>Evaluates the given expression in Python and returns the result.</doc>
<status status="PASS" start="2025-12-05T15:09:18.967795" elapsed="0.000187"/>
</kw>
<kw name="Set Variable" owner="BuiltIn">
<msg time="2025-12-05T15:09:18.968654" level="INFO">${offset_y} = 615</msg>
<var>${offset_y}</var>
<arg>${start_y}</arg>
<doc>Returns the given values which can then be assigned to a variables.</doc>
<status status="PASS" start="2025-12-05T15:09:18.968538" elapsed="0.000129"/>
</kw>
<kw name="Swipe" owner="AppiumLibrary">
<arg>start_x=${start_x}</arg>
<arg>start_y=${start_y}</arg>
<arg>end_x=${offset_x}</arg>
<arg>end_y=${offset_y}</arg>
<arg>duration=1000ms</arg>
<doc>Swipes from one point to another point, for an optional ``duration``.</doc>
<status status="PASS" start="2025-12-05T15:09:18.968808" elapsed="3.345946"/>
</kw>
<kw name="Click Element" owner="AppiumLibrary">
<msg time="2025-12-05T15:09:22.315555" level="INFO">Clicking element 'id=com.qaxperience.yodapp:id/btnRemove'.</msg>
<msg time="2025-12-05T15:09:27.331965" level="INFO">criteria is com.qaxperience.yodapp:id/btnRemove</msg>
<arg>id=com.qaxperience.yodapp:id/btnRemove</arg>
<doc>Clicks the element identified by ``locator``.</doc>
<status status="PASS" start="2025-12-05T15:09:22.314969" elapsed="5.017054"/>
</kw>
<kw name="Wait Until Page Does Not Contain" owner="AppiumLibrary">
<arg>Darth Vader</arg>
<doc>Waits until the ``text`` disappears from the current page.</doc>
<status status="PASS" start="2025-12-05T15:09:27.332751" elapsed="2.076144"/>
</kw>
<kw name="Close Session" owner="base" type="TEARDOWN">
<kw name="Close Application" owner="AppiumLibrary">
<doc>Closes the current application and the webdriver session.</doc>
<status status="PASS" start="2025-12-05T15:09:29.409674" elapsed="2.327606"/>
</kw>
<status status="PASS" start="2025-12-05T15:09:29.409472" elapsed="2.327872"/>
</kw>
<tag>swipe</tag>
<status status="PASS" start="2025-12-05T15:08:29.933067" elapsed="61.804457"/>
</test>
<doc>Suite de testes para validação do gesto Swipe</doc>
<status status="PASS" start="2025-12-05T15:08:29.750556" elapsed="61.987532"/>
</suite>
<statistics>
<total>
<stat pass="1" fail="0" skip="0">All Tests</stat>
</total>
<tag>
<stat pass="1" fail="0" skip="0">swipe</stat>
</tag>
<suite>
<stat name="Swipe" id="s1" pass="1" fail="0" skip="0">Swipe</stat>
</suite>
</statistics>
<errors>
</errors>
</robot>
